<?xml version="1.0" encoding="UTF-8"?>
<!-- Generated by org.testng.reporters.JUnitXMLReporter -->
<testsuite ignored="2" hostname="LAPTOP-J9B4MDHC" failures="0" tests="1" name="Default test" time="15.381" errors="0" timestamp="2025-12-08T19:21:42 IST">
  <testcase classname="techlearn.Login" name="Twitter" time="11.747"/>
  <testcase classname="techlearn.Login" name="TechlearnLogin" time="0.0">
    <ignored/>
  </testcase> <!-- TechlearnLogin -->
  <testcase classname="techlearn.Login" name="Google" time="0.0">
    <ignored/>
  </testcase> <!-- Google -->
</testsuite> <!-- Default test -->
