<?xml version="1.0" encoding="UTF-8"?>
<!-- Generated by org.testng.reporters.JUnitXMLReporter -->
<testsuite ignored="0" hostname="LAPTOP-J9B4MDHC" failures="0" tests="3" name="Default test" time="8.242" errors="0" timestamp="2025-12-03T20:12:21 IST">
  <testcase classname="techlearn.Login" name="Facebook" time="1.418"/>
  <testcase classname="techlearn.Login" name="Google" time="1.23"/>
  <testcase classname="techlearn.Login" name="TechlearnLogin" time="3.268"/>
</testsuite> <!-- Default test -->
