<?xml version="1.0" encoding="UTF-8"?>
<testng-results ignored="2" total="3" passed="1" failed="0" skipped="0">
  <reporter-output>
  </reporter-output>
  <suite started-at="2025-12-08T19:21:27 IST" name="Default suite" finished-at="2025-12-08T19:21:42 IST" duration-ms="15381">
    <groups>
    </groups>
    <test started-at="2025-12-08T19:21:27 IST" name="Default test" finished-at="2025-12-08T19:21:42 IST" duration-ms="15381">
      <class name="techlearn.Login">
        <test-method is-config="true" signature="beforeTest()[pri:0, instance:techlearn.Login@3c41ed1d]" started-at="2025-12-08T19:21:27 IST" name="beforeTest" finished-at="2025-12-08T19:21:31 IST" duration-ms="3477" status="PASS">
          <reporter-output>
          </reporter-output>
        </test-method> <!-- beforeTest -->
        <test-method signature="Twitter()[pri:0, instance:techlearn.Login@3c41ed1d]" started-at="2025-12-08T19:21:31 IST" name="Twitter" finished-at="2025-12-08T19:21:42 IST" duration-ms="11747" status="PASS">
          <reporter-output>
          </reporter-output>
        </test-method> <!-- Twitter -->
      </class> <!-- techlearn.Login -->
    </test> <!-- Default test -->
  </suite> <!-- Default suite -->
</testng-results>
