<?xml version="1.0" encoding="UTF-8"?>
<testng-results ignored="0" total="4" passed="4" failed="0" skipped="0">
  <reporter-output>
  </reporter-output>
  <suite started-at="2025-12-08T19:37:24 IST" name="Default suite" finished-at="2025-12-08T19:37:41 IST" duration-ms="16881">
    <groups>
    </groups>
    <test started-at="2025-12-08T19:37:24 IST" name="Default test" finished-at="2025-12-08T19:37:41 IST" duration-ms="16881">
      <class name="techlearn.Login">
        <test-method is-config="true" signature="beforeTest()[pri:0, instance:techlearn.Login@6a78afa0]" started-at="2025-12-08T19:37:24 IST" name="beforeTest" finished-at="2025-12-08T19:37:28 IST" duration-ms="4692" status="PASS">
          <reporter-output>
          </reporter-output>
        </test-method> <!-- beforeTest -->
        <test-method signature="Google()[pri:0, instance:techlearn.Login@6a78afa0]" started-at="2025-12-08T19:37:28 IST" name="Google" finished-at="2025-12-08T19:37:30 IST" duration-ms="1086" status="PASS">
          <reporter-output>
          </reporter-output>
        </test-method> <!-- Google -->
        <test-method signature="Selenium()[pri:0, instance:techlearn.Login@6a78afa0]" started-at="2025-12-08T19:37:30 IST" name="Selenium" finished-at="2025-12-08T19:37:31 IST" duration-ms="970" status="PASS">
          <reporter-output>
          </reporter-output>
        </test-method> <!-- Selenium -->
        <test-method signature="TechlearnLogin()[pri:0, instance:techlearn.Login@6a78afa0]" started-at="2025-12-08T19:37:31 IST" name="TechlearnLogin" finished-at="2025-12-08T19:37:37 IST" duration-ms="6155" status="PASS">
          <reporter-output>
          </reporter-output>
        </test-method> <!-- TechlearnLogin -->
        <test-method signature="Twitter()[pri:0, instance:techlearn.Login@6a78afa0]" started-at="2025-12-08T19:37:37 IST" name="Twitter" finished-at="2025-12-08T19:37:41 IST" duration-ms="3870" status="PASS">
          <reporter-output>
          </reporter-output>
        </test-method> <!-- Twitter -->
      </class> <!-- techlearn.Login -->
    </test> <!-- Default test -->
  </suite> <!-- Default suite -->
</testng-results>
