<?xml version="1.0" encoding="UTF-8"?>
<!-- Generated by org.testng.reporters.JUnitReportReporter -->
<testsuite hostname="LAPTOP-J9B4MDHC" failures="0" tests="4" name="techlearn.Login" time="12.081" errors="0" timestamp="2025-12-08T19:37:41 IST" skipped="0">
  <testcase classname="techlearn.Login" name="Google" time="1.086"/>
  <testcase classname="techlearn.Login" name="Twitter" time="3.870"/>
  <testcase classname="techlearn.Login" name="Selenium" time="0.970"/>
  <testcase classname="techlearn.Login" name="TechlearnLogin" time="6.155"/>
</testsuite> <!-- techlearn.Login -->
