<?xml version="1.0" encoding="UTF-8"?>
<!-- Generated by org.testng.reporters.JUnitReportReporter -->
<testsuite hostname="LAPTOP-J9B4MDHC" failures="0" tests="3" name="techlearn.Login" time="5.916" errors="0" timestamp="2025-12-03T20:12:21 IST" skipped="0">
  <testcase classname="techlearn.Login" name="Google" time="1.230"/>
  <testcase classname="techlearn.Login" name="Facebook" time="1.418"/>
  <testcase classname="techlearn.Login" name="TechlearnLogin" time="3.268"/>
</testsuite> <!-- techlearn.Login -->
